# JRE version: Java(TM) SE Runtime Environment (8.0_211-b12) (build 1.8.0_211-b12)
# Java VM: Java HotSpot(TM) 64-Bit Server VM (25.211-b12 mixed mode windows-amd64 compressed oops)
Heap:
 PSYoungGen      total 145408K, used 125707K [0x00000000d5800000, 0x00000000e3e80000, 0x0000000100000000)
  eden space 89088K, 97% used [0x00000000d5800000,0x00000000dad02da8,0x00000000daf00000)
  from space 56320K, 68% used [0x00000000daf00000,0x00000000dd4c0000,0x00000000de600000)
  to   space 57856K, 0% used [0x00000000e0600000,0x00000000e0600000,0x00000000e3e80000)
 ParOldGen       total 246784K, used 131752K [0x0000000080800000, 0x000000008f900000, 0x00000000d5800000)
  object space 246784K, 53% used [0x0000000080800000,0x00000000888aa0f0,0x000000008f900000)
 Metaspace       used 12930K, capacity 13135K, committed 13440K, reserved 1060864K
  class space    used 1320K, capacity 1382K, committed 1408K, reserved 1048576K
GC Heap History (10 events):
Event: 4.513 GC heap before
{Heap before GC invocations=5 (full 1):
 PSYoungGen      total 38400K, used 33280K [0x00000000d5800000, 0x00000000da300000, 0x0000000100000000)
  eden space 33280K, 100% used [0x00000000d5800000,0x00000000d7880000,0x00000000d7880000)
  from space 5120K, 0% used [0x00000000d7880000,0x00000000d7880000,0x00000000d7d80000)
  to   space 5120K, 0% used [0x00000000d9e00000,0x00000000d9e00000,0x00000000da300000)
 ParOldGen       total 143360K, used 60363K [0x0000000080800000, 0x0000000089400000, 0x00000000d5800000)
  object space 143360K, 42% used [0x0000000080800000,0x00000000842f2fb8,0x0000000089400000)
 Metaspace       used 12236K, capacity 12361K, committed 12672K, reserved 1060864K
  class space    used 1260K, capacity 1315K, committed 1408K, reserved 1048576K
Event: 4.547 GC heap after
Heap after GC invocations=5 (full 1):
 PSYoungGen      total 66048K, used 5120K [0x00000000d5800000, 0x00000000da300000, 0x0000000100000000)
  eden space 60928K, 0% used [0x00000000d5800000,0x00000000d5800000,0x00000000d9380000)
  from space 5120K, 100% used [0x00000000d9e00000,0x00000000da300000,0x00000000da300000)
  to   space 5120K, 0% used [0x00000000d9900000,0x00000000d9900000,0x00000000d9e00000)
 ParOldGen       total 143360K, used 88483K [0x0000000080800000, 0x0000000089400000, 0x00000000d5800000)
  object space 143360K, 61% used [0x0000000080800000,0x0000000085e68fb8,0x0000000089400000)
 Metaspace       used 12236K, capacity 12361K, committed 12672K, reserved 1060864K
  class space    used 1260K, capacity 1315K, committed 1408K, reserved 1048576K
}
Event: 4.684 GC heap before
{Heap before GC invocations=6 (full 1):
 PSYoungGen      total 66048K, used 66048K [0x00000000d5800000, 0x00000000da300000, 0x0000000100000000)
  eden space 60928K, 100% used [0x00000000d5800000,0x00000000d9380000,0x00000000d9380000)
  from space 5120K, 100% used [0x00000000d9e00000,0x00000000da300000,0x00000000da300000)
  to   space 5120K, 0% used [0x00000000d9900000,0x00000000d9900000,0x00000000d9e00000)
 ParOldGen       total 143360K, used 88483K [0x0000000080800000, 0x0000000089400000, 0x00000000d5800000)
  object space 143360K, 61% used [0x0000000080800000,0x0000000085e68fb8,0x0000000089400000)
 Metaspace       used 12266K, capacity 12425K, committed 12672K, reserved 1060864K
  class space    used 1261K, capacity 1315K, committed 1408K, reserved 1048576K
Event: 4.736 GC heap after
Heap after GC invocations=6 (full 1):
 PSYoungGen      total 71680K, used 5120K [0x00000000d5800000, 0x00000000e3580000, 0x0000000100000000)
  eden space 66560K, 0% used [0x00000000d5800000,0x00000000d5800000,0x00000000d9900000)
  from space 5120K, 100% used [0x00000000d9900000,0x00000000d9e00000,0x00000000d9e00000)
  to   space 57344K, 0% used [0x00000000dfd80000,0x00000000dfd80000,0x00000000e3580000)
 ParOldGen       total 143360K, used 127051K [0x0000000080800000, 0x0000000089400000, 0x00000000d5800000)
  object space 143360K, 88% used [0x0000000080800000,0x0000000088412fb8,0x0000000089400000)
 Metaspace       used 12266K, capacity 12425K, committed 12672K, reserved 1060864K
  class space    used 1261K, capacity 1315K, committed 1408K, reserved 1048576K
}
Event: 4.736 GC heap before
{Heap before GC invocations=7 (full 2):
 PSYoungGen      total 71680K, used 5120K [0x00000000d5800000, 0x00000000e3580000, 0x0000000100000000)
  eden space 66560K, 0% used [0x00000000d5800000,0x00000000d5800000,0x00000000d9900000)
  from space 5120K, 100% used [0x00000000d9900000,0x00000000d9e00000,0x00000000d9e00000)
  to   space 57344K, 0% used [0x00000000dfd80000,0x00000000dfd80000,0x00000000e3580000)
 ParOldGen       total 143360K, used 127051K [0x0000000080800000, 0x0000000089400000, 0x00000000d5800000)
  object space 143360K, 88% used [0x0000000080800000,0x0000000088412fb8,0x0000000089400000)
 Metaspace       used 12266K, capacity 12425K, committed 12672K, reserved 1060864K
  class space    used 1261K, capacity 1315K, committed 1408K, reserved 1048576K
Event: 5.222 GC heap after
Heap after GC invocations=7 (full 2):
 PSYoungGen      total 71680K, used 0K [0x00000000d5800000, 0x00000000e3580000, 0x0000000100000000)
  eden space 66560K, 0% used [0x00000000d5800000,0x00000000d5800000,0x00000000d9900000)
  from space 5120K, 0% used [0x00000000d9900000,0x00000000d9900000,0x00000000d9e00000)
  to   space 57344K, 0% used [0x00000000dfd80000,0x00000000dfd80000,0x00000000e3580000)
 ParOldGen       total 246784K, used 131752K [0x0000000080800000, 0x000000008f900000, 0x00000000d5800000)
  object space 246784K, 53% used [0x0000000080800000,0x00000000888aa0f0,0x000000008f900000)
 Metaspace       used 12266K, capacity 12425K, committed 12672K, reserved 1060864K
  class space    used 1261K, capacity 1315K, committed 1408K, reserved 1048576K
}
Event: 5.335 GC heap before
{Heap before GC invocations=8 (full 2):
 PSYoungGen      total 71680K, used 66560K [0x00000000d5800000, 0x00000000e3580000, 0x0000000100000000)
  eden space 66560K, 100% used [0x00000000d5800000,0x00000000d9900000,0x00000000d9900000)
  from space 5120K, 0% used [0x00000000d9900000,0x00000000d9900000,0x00000000d9e00000)
  to   space 57344K, 0% used [0x00000000dfd80000,0x00000000dfd80000,0x00000000e3580000)
 ParOldGen       total 246784K, used 131752K [0x0000000080800000, 0x000000008f900000, 0x00000000d5800000)
  object space 246784K, 53% used [0x0000000080800000,0x00000000888aa0f0,0x000000008f900000)
 Metaspace       used 12266K, capacity 12425K, committed 12672K, reserved 1060864K
  class space    used 1261K, capacity 1315K, committed 1408K, reserved 1048576K
Event: 5.351 GC heap after
Heap after GC invocations=8 (full 2):
 PSYoungGen      total 121344K, used 16416K [0x00000000d5800000, 0x00000000e1d00000, 0x0000000100000000)
  eden space 89088K, 0% used [0x00000000d5800000,0x00000000d5800000,0x00000000daf00000)
  from space 32256K, 50% used [0x00000000dfd80000,0x00000000e0d88000,0x00000000e1d00000)
  to   space 56320K, 0% used [0x00000000daf00000,0x00000000daf00000,0x00000000de600000)
 ParOldGen       total 246784K, used 131752K [0x0000000080800000, 0x000000008f900000, 0x00000000d5800000)
  object space 246784K, 53% used [0x0000000080800000,0x00000000888aa0f0,0x000000008f900000)
 Metaspace       used 12266K, capacity 12425K, committed 12672K, reserved 1060864K
  class space    used 1261K, capacity 1315K, committed 1408K, reserved 1048576K
}
Event: 5.489 GC heap before
{Heap before GC invocations=9 (full 2):
 PSYoungGen      total 121344K, used 105504K [0x00000000d5800000, 0x00000000e1d00000, 0x0000000100000000)
  eden space 89088K, 100% used [0x00000000d5800000,0x00000000daf00000,0x00000000daf00000)
  from space 32256K, 50% used [0x00000000dfd80000,0x00000000e0d88000,0x00000000e1d00000)
  to   space 56320K, 0% used [0x00000000daf00000,0x00000000daf00000,0x00000000de600000)
 ParOldGen       total 246784K, used 131752K [0x0000000080800000, 0x000000008f900000, 0x00000000d5800000)
  object space 246784K, 53% used [0x0000000080800000,0x00000000888aa0f0,0x000000008f900000)
 Metaspace       used 12267K, capacity 12425K, committed 12672K, reserved 1060864K
  class space    used 1261K, capacity 1315K, committed 1408K, reserved 1048576K
Event: 5.530 GC heap after
Heap after GC invocations=9 (full 2):
 PSYoungGen      total 145408K, used 38656K [0x00000000d5800000, 0x00000000e3e80000, 0x0000000100000000)
  eden space 89088K, 0% used [0x00000000d5800000,0x00000000d5800000,0x00000000daf00000)
  from space 56320K, 68% used [0x00000000daf00000,0x00000000dd4c0000,0x00000000de600000)
  to   space 57856K, 0% used [0x00000000e0600000,0x00000000e0600000,0x00000000e3e80000)
 ParOldGen       total 246784K, used 131752K [0x0000000080800000, 0x000000008f900000, 0x00000000d5800000)
  object space 246784K, 53% used [0x0000000080800000,0x00000000888aa0f0,0x000000008f900000)
 Metaspace       used 12267K, capacity 12425K, committed 12672K, reserved 1060864K
  class space    used 1261K, capacity 1315K, committed 1408K, reserved 1048576K
}

